[Warn  - 오후 1:13:00] 04:13:00.857 WARNING ⛔️ Environment variable configuration is being deprecated, please use workspace configuration. The following environment variables were used: shfmt
[Info  - 오후 1:13:00] 04:13:00.875 INFO BackgroundAnalysis: resolving glob "**/*@(.sh|.inc|.bash|.command)" inside "file:///root/shell"...
[Info  - 오후 1:13:00] 04:13:00.887 INFO BackgroundAnalysis: Glob resolved with 15 files after 0.012 seconds
[Info  - 오후 1:13:00] 04:13:00.914 INFO BackgroundAnalysis: Completed after 0.039 seconds.
[Warn  - 오후 1:13:01] 04:13:01.383 WARNING ⛔️ ShellCheck: disabling linting as no executable was found at path 'shellcheck'
[Warn  - 오후 1:14:00] 04:14:00.863 WARNING ⛔️ Error while parsing file:///root/shell/check_service.sh: syntax error
[Warn  - 오후 1:14:07] 04:14:07.378 WARNING ⛔️ Error while parsing file:///root/shell/check_service.sh: syntax error
[Warn  - 오후 1:14:08] 04:14:08.311 WARNING ⛔️ Error while parsing file:///root/shell/check_service.sh: syntax error
[Warn  - 오후 1:14:12] 04:14:12.982 WARNING ⛔️ Error while parsing file:///root/shell/check_service.sh: syntax error
[Warn  - 오후 1:14:15] 04:14:15.127 WARNING ⛔️ Error while parsing file:///root/shell/check_service.sh: syntax error
[Warn  - 오후 1:14:15] 04:14:15.951 WARNING ⛔️ Error while parsing file:///root/shell/check_service.sh: syntax error
[Warn  - 오후 1:14:16] 04:14:16.447 WARNING ⛔️ Error while parsing file:///root/shell/check_service.sh: syntax error
[Warn  - 오후 1:14:19] 04:14:19.159 WARNING ⛔️ Error while parsing file:///root/shell/check_service.sh: syntax error
[Warn  - 오후 1:14:19] 04:14:19.262 WARNING ⛔️ Error while parsing file:///root/shell/check_service.sh: syntax error
[Warn  - 오후 1:14:19] 04:14:19.895 WARNING ⛔️ Error while parsing file:///root/shell/check_service.sh: syntax error
[Warn  - 오후 1:14:21] 04:14:21.359 WARNING ⛔️ Error while parsing file:///root/shell/check_service.sh: syntax error
[Warn  - 오후 1:14:21] 04:14:21.863 WARNING ⛔️ Error while parsing file:///root/shell/check_service.sh: syntax error
[Warn  - 오후 1:14:22] 04:14:22.167 WARNING ⛔️ Error while parsing file:///root/shell/check_service.sh: syntax error
[Warn  - 오후 1:14:22] 04:14:22.254 WARNING ⛔️ Error while parsing file:///root/shell/check_service.sh: syntax error
[Warn  - 오후 1:14:22] 04:14:22.442 WARNING ⛔️ Error while parsing file:///root/shell/check_service.sh: syntax error
[Warn  - 오후 1:14:22] 04:14:22.863 WARNING ⛔️ Error while parsing file:///root/shell/check_service.sh: syntax error
[Warn  - 오후 1:14:23] 04:14:23.367 WARNING ⛔️ Error while parsing file:///root/shell/check_service.sh: syntax error
[Warn  - 오후 1:14:23] 04:14:23.749 WARNING ⛔️ Error while parsing file:///root/shell/check_service.sh: syntax error
[Warn  - 오후 1:14:24] 04:14:24.439 WARNING ⛔️ Error while parsing file:///root/shell/check_service.sh: syntax error
[Warn  - 오후 1:14:24] 04:14:24.478 WARNING ⛔️ Error while parsing file:///root/shell/check_service.sh: syntax error
[Warn  - 오후 1:14:25] 04:14:25.591 WARNING ⛔️ Error while parsing file:///root/shell/check_service.sh: syntax error
[Warn  - 오후 1:14:26] 04:14:26.471 WARNING ⛔️ Error while parsing file:///root/shell/check_service.sh: syntax error
[Warn  - 오후 1:14:26] 04:14:26.572 WARNING ⛔️ Error while parsing file:///root/shell/check_service.sh: syntax error
[Warn  - 오후 1:14:27] 04:14:27.268 WARNING ⛔️ Error while parsing file:///root/shell/check_service.sh: syntax error
[Warn  - 오후 1:14:28] 04:14:28.678 WARNING ⛔️ Error while parsing file:///root/shell/check_service.sh: syntax error
[Warn  - 오후 1:14:28] 04:14:28.935 WARNING ⛔️ Error while parsing file:///root/shell/check_service.sh: syntax error
[Warn  - 오후 1:14:33] 04:14:33.583 WARNING ⛔️ Error while parsing file:///root/shell/check_service.sh: syntax error
[Warn  - 오후 1:14:34] 04:14:34.543 WARNING ⛔️ Error while parsing file:///root/shell/check_service.sh: syntax error
[Warn  - 오후 1:14:35] 04:14:35.224 WARNING ⛔️ Error while parsing file:///root/shell/check_service.sh: syntax error
[Warn  - 오후 1:14:35] 04:14:35.607 WARNING ⛔️ Error while parsing file:///root/shell/check_service.sh: syntax error
[Warn  - 오후 1:14:35] 04:14:35.633 WARNING ⛔️ Error while parsing file:///root/shell/check_service.sh: syntax error
[Warn  - 오후 1:14:36] 04:14:36.037 WARNING ⛔️ Error while parsing file:///root/shell/check_service.sh: syntax error
[Warn  - 오후 1:14:37] 04:14:37.335 WARNING ⛔️ Error while parsing file:///root/shell/check_service.sh: syntax error
[Warn  - 오후 1:14:37] 04:14:37.774 WARNING ⛔️ Error while parsing file:///root/shell/check_service.sh: syntax error
[Warn  - 오후 1:14:37] 04:14:37.876 WARNING ⛔️ Error while parsing file:///root/shell/check_service.sh: syntax error
[Warn  - 오후 1:14:38] 04:14:38.311 WARNING ⛔️ Error while parsing file:///root/shell/check_service.sh: syntax error
[Warn  - 오후 1:14:40] 04:14:40.022 WARNING ⛔️ Error while parsing file:///root/shell/check_service.sh: syntax error
[Warn  - 오후 1:14:40] 04:14:40.191 WARNING ⛔️ Error while parsing file:///root/shell/check_service.sh: syntax error
[Warn  - 오후 1:14:40] 04:14:40.413 WARNING ⛔️ Error while parsing file:///root/shell/check_service.sh: syntax error
[Warn  - 오후 1:14:40] 04:14:40.500 WARNING ⛔️ Error while parsing file:///root/shell/check_service.sh: syntax error
[Warn  - 오후 1:14:41] 04:14:41.016 WARNING ⛔️ Error while parsing file:///root/shell/check_service.sh: syntax error
[Warn  - 오후 1:14:41] 04:14:41.574 WARNING ⛔️ Error while parsing file:///root/shell/check_service.sh: syntax error
[Warn  - 오후 1:14:41] 04:14:41.632 WARNING ⛔️ Error while parsing file:///root/shell/check_service.sh: syntax error
[Warn  - 오후 1:14:41] 04:14:41.847 WARNING ⛔️ Error while parsing file:///root/shell/check_service.sh: syntax error
[Warn  - 오후 1:14:41] 04:14:41.927 WARNING ⛔️ Error while parsing file:///root/shell/check_service.sh: syntax error
[Warn  - 오후 1:14:42] 04:14:42.438 WARNING ⛔️ Error while parsing file:///root/shell/check_service.sh: syntax error
[Warn  - 오후 1:14:42] 04:14:42.742 WARNING ⛔️ Error while parsing file:///root/shell/check_service.sh: syntax error
[Warn  - 오후 1:14:42] 04:14:42.829 WARNING ⛔️ Error while parsing file:///root/shell/check_service.sh: syntax error
[Warn  - 오후 1:14:43] 04:14:43.404 WARNING ⛔️ Error while parsing file:///root/shell/check_service.sh: syntax error
[Warn  - 오후 1:14:43] 04:14:43.829 WARNING ⛔️ Error while parsing file:///root/shell/check_service.sh: syntax error
[Warn  - 오후 1:14:44] 04:14:44.221 WARNING ⛔️ Error while parsing file:///root/shell/check_service.sh: syntax error
[Warn  - 오후 1:14:44] 04:14:44.322 WARNING ⛔️ Error while parsing file:///root/shell/check_service.sh: syntax error
[Warn  - 오후 1:14:44] 04:14:44.848 WARNING ⛔️ Error while parsing file:///root/shell/check_service.sh: syntax error
[Warn  - 오후 1:14:45] 04:14:45.025 WARNING ⛔️ Error while parsing file:///root/shell/check_service.sh: syntax error
[Warn  - 오후 1:14:46] 04:14:46.230 WARNING ⛔️ Error while parsing file:///root/shell/check_service.sh: syntax error
[Warn  - 오후 1:14:46] 04:14:46.631 WARNING ⛔️ Error while parsing file:///root/shell/check_service.sh: syntax error
[Warn  - 오후 1:14:46] 04:14:46.713 WARNING ⛔️ Error while parsing file:///root/shell/check_service.sh: syntax error
[Warn  - 오후 1:14:46] 04:14:46.898 WARNING ⛔️ Error while parsing file:///root/shell/check_service.sh: syntax error
[Warn  - 오후 1:14:46] 04:14:46.995 WARNING ⛔️ Error while parsing file:///root/shell/check_service.sh: syntax error
[Warn  - 오후 1:14:47] 04:14:47.535 WARNING ⛔️ Error while parsing file:///root/shell/check_service.sh: syntax error
[Warn  - 오후 1:14:47] 04:14:47.613 WARNING ⛔️ Error while parsing file:///root/shell/check_service.sh: syntax error
[Warn  - 오후 1:14:48] 04:14:48.254 WARNING ⛔️ Error while parsing file:///root/shell/check_service.sh: syntax error
[Warn  - 오후 1:14:49] 04:14:49.933 WARNING ⛔️ Error while parsing file:///root/shell/check_service.sh: syntax error
[Warn  - 오후 1:14:51] 04:14:51.015 WARNING ⛔️ Error while parsing file:///root/shell/check_service.sh: syntax error
[Warn  - 오후 1:15:00] 04:15:00.900 WARNING ⛔️ Error while parsing file:///root/shell/check_service.sh: syntax error
[Warn  - 오후 1:15:01] 04:15:01.590 WARNING ⛔️ Error while parsing file:///root/shell/check_service.sh: syntax error
[Warn  - 오후 1:15:04] 04:15:04.127 WARNING ⛔️ Error while parsing file:///root/shell/check_service.sh: syntax error
[Warn  - 오후 1:15:04] 04:15:04.387 WARNING ⛔️ Error while parsing file:///root/shell/check_service.sh: syntax error
[Warn  - 오후 1:15:10] 04:15:10.833 WARNING ⛔️ Error while parsing file:///root/shell/check_service.sh: syntax error
[Warn  - 오후 1:15:11] 04:15:10.990 WARNING ⛔️ Error while parsing file:///root/shell/check_service.sh: syntax error
[Warn  - 오후 1:15:11] 04:15:11.701 WARNING ⛔️ Error while parsing file:///root/shell/check_service.sh: syntax error
[Warn  - 오후 1:15:12] 04:15:12.053 WARNING ⛔️ Error while parsing file:///root/shell/check_service.sh: syntax error
[Warn  - 오후 1:15:13] 04:15:13.455 WARNING ⛔️ Error while parsing file:///root/shell/check_service.sh: syntax error
[Warn  - 오후 1:15:14] 04:15:14.140 WARNING ⛔️ Error while parsing file:///root/shell/check_service.sh: syntax error
[Warn  - 오후 1:15:14] 04:15:14.348 WARNING ⛔️ Error while parsing file:///root/shell/check_service.sh: syntax error
[Warn  - 오후 1:15:14] 04:15:14.680 WARNING ⛔️ Error while parsing file:///root/shell/check_service.sh: syntax error
[Warn  - 오후 1:15:16] 04:15:16.280 WARNING ⛔️ Error while parsing file:///root/shell/check_service.sh: syntax error
[Warn  - 오후 1:15:18] 04:15:18.599 WARNING ⛔️ Error while parsing file:///root/shell/check_service.sh: syntax error
[Warn  - 오후 1:15:18] 04:15:18.698 WARNING ⛔️ Error while parsing file:///root/shell/check_service.sh: syntax error
[Warn  - 오후 1:15:19] 04:15:19.165 WARNING ⛔️ Error while parsing file:///root/shell/check_service.sh: syntax error
[Warn  - 오후 1:15:19] 04:15:19.759 WARNING ⛔️ Error while parsing file:///root/shell/check_service.sh: syntax error
[Warn  - 오후 1:15:21] 04:15:21.911 WARNING ⛔️ Error while parsing file:///root/shell/check_service.sh: syntax error
[Warn  - 오후 1:15:25] 04:15:25.142 WARNING ⛔️ Error while parsing file:///root/shell/check_service.sh: syntax error
[Warn  - 오후 1:15:25] 04:15:25.677 WARNING ⛔️ Error while parsing file:///root/shell/check_service.sh: syntax error
[Warn  - 오후 1:21:45] 04:21:45.952 WARNING ⛔️ Error while parsing file:///root/shell/check_service.sh: syntax error
[Warn  - 오후 1:21:52] 04:21:52.679 WARNING ⛔️ Error while parsing file:///root/shell/check_service.sh: syntax error
[Warn  - 오후 1:21:52] 04:21:52.757 WARNING ⛔️ Error while parsing file:///root/shell/check_service.sh: syntax error
[Warn  - 오후 1:21:53] 04:21:53.343 WARNING ⛔️ Error while parsing file:///root/shell/check_service.sh: syntax error
[Warn  - 오후 1:21:53] 04:21:53.798 WARNING ⛔️ Error while parsing file:///root/shell/check_service.sh: syntax error
[Warn  - 오후 1:21:54] 04:21:54.398 WARNING ⛔️ Error while parsing file:///root/shell/check_service.sh: syntax error
[Warn  - 오후 1:21:54] 04:21:54.499 WARNING ⛔️ Error while parsing file:///root/shell/check_service.sh: syntax error
[Warn  - 오후 1:21:55] 04:21:55.144 WARNING ⛔️ Error while parsing file:///root/shell/check_service.sh: syntax error
[Warn  - 오후 1:21:55] 04:21:55.872 WARNING ⛔️ Error while parsing file:///root/shell/check_service.sh: syntax error
[Warn  - 오후 1:21:56] 04:21:56.789 WARNING ⛔️ Error while parsing file:///root/shell/check_service.sh: syntax error
[Warn  - 오후 1:21:57] 04:21:57.804 WARNING ⛔️ Error while parsing file:///root/shell/check_service.sh: syntax error
[Warn  - 오후 1:21:58] 04:21:58.536 WARNING ⛔️ Error while parsing file:///root/shell/check_service.sh: syntax error
[Warn  - 오후 1:21:58] 04:21:58.556 WARNING ⛔️ Error while parsing file:///root/shell/check_service.sh: syntax error
[Warn  - 오후 1:21:59] 04:21:59.571 WARNING ⛔️ Error while parsing file:///root/shell/check_service.sh: syntax error
[Warn  - 오후 1:22:00] 04:22:00.048 WARNING ⛔️ Error while parsing file:///root/shell/check_service.sh: syntax error
[Warn  - 오후 1:22:00] 04:22:00.073 WARNING ⛔️ Error while parsing file:///root/shell/check_service.sh: syntax error
[Warn  - 오후 1:22:00] 04:22:00.711 WARNING ⛔️ Error while parsing file:///root/shell/check_service.sh: syntax error
[Warn  - 오후 1:22:02] 04:22:02.536 WARNING ⛔️ Error while parsing file:///root/shell/check_service.sh: syntax error
[Warn  - 오후 1:22:02] 04:22:02.757 WARNING ⛔️ Error while parsing file:///root/shell/check_service.sh: syntax error
[Warn  - 오후 1:22:03] 04:22:03.311 WARNING ⛔️ Error while parsing file:///root/shell/check_service.sh: syntax error
[Warn  - 오후 1:22:03] 04:22:03.412 WARNING ⛔️ Error while parsing file:///root/shell/check_service.sh: syntax error
[Warn  - 오후 1:22:13] 04:22:13.126 WARNING ⛔️ Error while parsing file:///root/shell/check_service.sh: syntax error
[Warn  - 오후 1:22:15] 04:22:15.167 WARNING ⛔️ Error while parsing file:///root/shell/check_service.sh: syntax error
[Warn  - 오후 1:22:16] 04:22:16.878 WARNING ⛔️ Error while parsing file:///root/shell/check_service.sh: syntax error
[Warn  - 오후 1:22:17] 04:22:17.990 WARNING ⛔️ Error while parsing file:///root/shell/check_service.sh: syntax error
[Warn  - 오후 1:22:19] 04:22:19.390 WARNING ⛔️ Error while parsing file:///root/shell/check_service.sh: syntax error
[Warn  - 오후 1:22:19] 04:22:19.830 WARNING ⛔️ Error while parsing file:///root/shell/check_service.sh: syntax error
[Warn  - 오후 1:22:20] 04:22:20.830 WARNING ⛔️ Error while parsing file:///root/shell/check_service.sh: syntax error
[Warn  - 오후 1:22:21] 04:22:21.302 WARNING ⛔️ Error while parsing file:///root/shell/check_service.sh: syntax error
[Warn  - 오후 1:22:21] 04:22:21.558 WARNING ⛔️ Error while parsing file:///root/shell/check_service.sh: syntax error
[Warn  - 오후 1:22:22] 04:22:22.279 WARNING ⛔️ Error while parsing file:///root/shell/check_service.sh: syntax error
[Warn  - 오후 1:22:22] 04:22:22.704 WARNING ⛔️ Error while parsing file:///root/shell/check_service.sh: syntax error
[Warn  - 오후 1:22:22] 04:22:22.812 WARNING ⛔️ Error while parsing file:///root/shell/check_service.sh: syntax error
[Warn  - 오후 1:22:22] 04:22:22.909 WARNING ⛔️ Error while parsing file:///root/shell/check_service.sh: syntax error
[Warn  - 오후 1:22:23] 04:22:23.256 WARNING ⛔️ Error while parsing file:///root/shell/check_service.sh: syntax error
[Warn  - 오후 1:22:23] 04:22:23.813 WARNING ⛔️ Error while parsing file:///root/shell/check_service.sh: syntax error
[Warn  - 오후 1:22:24] 04:22:24.380 WARNING ⛔️ Error while parsing file:///root/shell/check_service.sh: syntax error
[Warn  - 오후 1:22:24] 04:22:24.844 WARNING ⛔️ Error while parsing file:///root/shell/check_service.sh: syntax error
[Warn  - 오후 1:22:25] 04:22:25.051 WARNING ⛔️ Error while parsing file:///root/shell/check_service.sh: syntax error
[Warn  - 오후 1:22:25] 04:22:25.453 WARNING ⛔️ Error while parsing file:///root/shell/check_service.sh: syntax error
[Warn  - 오후 1:22:26] 04:22:26.150 WARNING ⛔️ Error while parsing file:///root/shell/check_service.sh: syntax error
[Warn  - 오후 1:22:26] 04:22:26.958 WARNING ⛔️ Error while parsing file:///root/shell/check_service.sh: syntax error
[Warn  - 오후 1:22:27] 04:22:27.188 WARNING ⛔️ Error while parsing file:///root/shell/check_service.sh: syntax error
[Warn  - 오후 1:22:27] 04:22:27.358 WARNING ⛔️ Error while parsing file:///root/shell/check_service.sh: syntax error
[Warn  - 오후 1:22:27] 04:22:27.813 WARNING ⛔️ Error while parsing file:///root/shell/check_service.sh: syntax error
[Warn  - 오후 1:22:28] 04:22:28.077 WARNING ⛔️ Error while parsing file:///root/shell/check_service.sh: syntax error
[Warn  - 오후 1:22:30] 04:22:30.510 WARNING ⛔️ Error while parsing file:///root/shell/check_service.sh: syntax error
[Warn  - 오후 1:22:30] 04:22:30.534 WARNING ⛔️ Error while parsing file:///root/shell/check_service.sh: syntax error
[Warn  - 오후 1:22:30] 04:22:30.926 WARNING ⛔️ Error while parsing file:///root/shell/check_service.sh: syntax error
[Warn  - 오후 1:22:31] 04:22:31.036 WARNING ⛔️ Error while parsing file:///root/shell/check_service.sh: syntax error
[Warn  - 오후 1:22:31] 04:22:31.910 WARNING ⛔️ Error while parsing file:///root/shell/check_service.sh: syntax error
[Warn  - 오후 1:22:32] 04:22:32.879 WARNING ⛔️ Error while parsing file:///root/shell/check_service.sh: syntax error
[Warn  - 오후 1:22:33] 04:22:33.879 WARNING ⛔️ Error while parsing file:///root/shell/check_service.sh: syntax error
[Warn  - 오후 1:22:35] 04:22:35.767 WARNING ⛔️ Error while parsing file:///root/shell/check_service.sh: syntax error
[Warn  - 오후 1:22:37] 04:22:37.086 WARNING ⛔️ Error while parsing file:///root/shell/check_service.sh: syntax error
[Warn  - 오후 1:22:38] 04:22:38.009 WARNING ⛔️ Error while parsing file:///root/shell/check_service.sh: syntax error
[Warn  - 오후 1:22:38] 04:22:38.109 WARNING ⛔️ Error while parsing file:///root/shell/check_service.sh: syntax error
[Warn  - 오후 1:22:38] 04:22:38.429 WARNING ⛔️ Error while parsing file:///root/shell/check_service.sh: syntax error
[Warn  - 오후 1:22:39] 04:22:39.239 WARNING ⛔️ Error while parsing file:///root/shell/check_service.sh: syntax error
[Warn  - 오후 1:22:40] 04:22:40.221 WARNING ⛔️ Error while parsing file:///root/shell/check_service.sh: syntax error
[Warn  - 오후 1:22:40] 04:22:40.548 WARNING ⛔️ Error while parsing file:///root/shell/check_service.sh: syntax error
[Warn  - 오후 1:22:42] 04:22:42.429 WARNING ⛔️ Error while parsing file:///root/shell/check_service.sh: syntax error
[Warn  - 오후 1:22:42] 04:22:42.694 WARNING ⛔️ Error while parsing file:///root/shell/check_service.sh: syntax error
[Warn  - 오후 1:22:43] 04:22:43.101 WARNING ⛔️ Error while parsing file:///root/shell/check_service.sh: syntax error
[Warn  - 오후 1:22:43] 04:22:43.222 WARNING ⛔️ Error while parsing file:///root/shell/check_service.sh: syntax error
[Warn  - 오후 1:22:43] 04:22:43.345 WARNING ⛔️ Error while parsing file:///root/shell/check_service.sh: syntax error
[Warn  - 오후 1:22:43] 04:22:43.676 WARNING ⛔️ Error while parsing file:///root/shell/check_service.sh: syntax error
[Warn  - 오후 1:22:43] 04:22:43.786 WARNING ⛔️ Error while parsing file:///root/shell/check_service.sh: syntax error
[Warn  - 오후 1:22:44] 04:22:44.479 WARNING ⛔️ Error while parsing file:///root/shell/check_service.sh: syntax error
[Warn  - 오후 1:22:46] 04:22:46.309 WARNING ⛔️ Error while parsing file:///root/shell/check_service.sh: syntax error
[Warn  - 오후 1:22:46] 04:22:46.782 WARNING ⛔️ Error while parsing file:///root/shell/check_service.sh: syntax error
[Warn  - 오후 1:22:46] 04:22:46.875 WARNING ⛔️ Error while parsing file:///root/shell/check_service.sh: syntax error
[Warn  - 오후 1:22:47] 04:22:47.286 WARNING ⛔️ Error while parsing file:///root/shell/check_service.sh: syntax error
[Warn  - 오후 1:22:47] 04:22:47.654 WARNING ⛔️ Error while parsing file:///root/shell/check_service.sh: syntax error
[Warn  - 오후 1:22:49] 04:22:49.072 WARNING ⛔️ Error while parsing file:///root/shell/check_service.sh: syntax error
[Warn  - 오후 1:22:49] 04:22:49.155 WARNING ⛔️ Error while parsing file:///root/shell/check_service.sh: syntax error
[Warn  - 오후 1:22:51] 04:22:51.757 WARNING ⛔️ Error while parsing file:///root/shell/check_service.sh: syntax error
[Warn  - 오후 1:22:53] 04:22:53.082 WARNING ⛔️ Error while parsing file:///root/shell/check_service.sh: syntax error
[Warn  - 오후 1:22:53] 04:22:53.235 WARNING ⛔️ Error while parsing file:///root/shell/check_service.sh: syntax error
[Warn  - 오후 1:22:53] 04:22:53.596 WARNING ⛔️ Error while parsing file:///root/shell/check_service.sh: syntax error
[Warn  - 오후 1:22:54] 04:22:54.748 WARNING ⛔️ Error while parsing file:///root/shell/check_service.sh: syntax error
[Warn  - 오후 1:22:55] 04:22:55.148 WARNING ⛔️ Error while parsing file:///root/shell/check_service.sh: syntax error
[Warn  - 오후 1:22:55] 04:22:55.248 WARNING ⛔️ Error while parsing file:///root/shell/check_service.sh: syntax error
[Warn  - 오후 1:22:55] 04:22:55.765 WARNING ⛔️ Error while parsing file:///root/shell/check_service.sh: syntax error
[Warn  - 오후 1:22:57] 04:22:57.013 WARNING ⛔️ Error while parsing file:///root/shell/check_service.sh: syntax error
[Warn  - 오후 1:22:57] 04:22:57.236 WARNING ⛔️ Error while parsing file:///root/shell/check_service.sh: syntax error
[Warn  - 오후 1:22:57] 04:22:57.717 WARNING ⛔️ Error while parsing file:///root/shell/check_service.sh: syntax error
[Warn  - 오후 1:22:58] 04:22:58.702 WARNING ⛔️ Error while parsing file:///root/shell/check_service.sh: syntax error
[Warn  - 오후 1:22:58] 04:22:58.964 WARNING ⛔️ Error while parsing file:///root/shell/check_service.sh: syntax error
[Warn  - 오후 1:22:59] 04:22:59.532 WARNING ⛔️ Error while parsing file:///root/shell/check_service.sh: syntax error
[Warn  - 오후 1:22:59] 04:22:59.634 WARNING ⛔️ Error while parsing file:///root/shell/check_service.sh: syntax error
[Warn  - 오후 1:23:00] 04:23:00.485 WARNING ⛔️ Error while parsing file:///root/shell/check_service.sh: syntax error
[Warn  - 오후 1:23:01] 04:23:01.597 WARNING ⛔️ Error while parsing file:///root/shell/check_service.sh: syntax error
[Warn  - 오후 1:23:02] 04:23:02.141 WARNING ⛔️ Error while parsing file:///root/shell/check_service.sh: syntax error
[Warn  - 오후 1:23:02] 04:23:02.613 WARNING ⛔️ Error while parsing file:///root/shell/check_service.sh: syntax error
[Warn  - 오후 1:23:03] 04:23:03.021 WARNING ⛔️ Error while parsing file:///root/shell/check_service.sh: syntax error
[Warn  - 오후 1:23:03] 04:23:03.121 WARNING ⛔️ Error while parsing file:///root/shell/check_service.sh: syntax error
[Warn  - 오후 1:23:04] 04:23:04.055 WARNING ⛔️ Error while parsing file:///root/shell/check_service.sh: syntax error
[Warn  - 오후 1:23:04] 04:23:04.229 WARNING ⛔️ Error while parsing file:///root/shell/check_service.sh: syntax error
[Warn  - 오후 1:23:04] 04:23:04.347 WARNING ⛔️ Error while parsing file:///root/shell/check_service.sh: syntax error
[Warn  - 오후 1:23:04] 04:23:04.639 WARNING ⛔️ Error while parsing file:///root/shell/check_service.sh: syntax error
[Warn  - 오후 1:23:06] 04:23:06.309 WARNING ⛔️ Error while parsing file:///root/shell/check_service.sh: syntax error
[Warn  - 오후 1:23:07] 04:23:07.814 WARNING ⛔️ Error while parsing file:///root/shell/check_service.sh: syntax error
[Warn  - 오후 1:23:08] 04:23:08.028 WARNING ⛔️ Error while parsing file:///root/shell/check_service.sh: syntax error
[Warn  - 오후 1:23:09] 04:23:09.055 WARNING ⛔️ Error while parsing file:///root/shell/check_service.sh: syntax error
[Warn  - 오후 1:23:09] 04:23:09.525 WARNING ⛔️ Error while parsing file:///root/shell/check_service.sh: syntax error
[Warn  - 오후 1:23:12] 04:23:12.308 WARNING ⛔️ Error while parsing file:///root/shell/check_service.sh: syntax error
[Warn  - 오후 1:23:12] 04:23:12.836 WARNING ⛔️ Error while parsing file:///root/shell/check_service.sh: syntax error
[Warn  - 오후 1:23:13] 04:23:13.188 WARNING ⛔️ Error while parsing file:///root/shell/check_service.sh: syntax error
[Warn  - 오후 1:23:13] 04:23:13.637 WARNING ⛔️ Error while parsing file:///root/shell/check_service.sh: syntax error
[Warn  - 오후 1:23:14] 04:23:14.344 WARNING ⛔️ Error while parsing file:///root/shell/check_service.sh: syntax error
[Warn  - 오후 1:23:15] 04:23:15.117 WARNING ⛔️ Error while parsing file:///root/shell/check_service.sh: syntax error
[Warn  - 오후 1:23:15] 04:23:15.590 WARNING ⛔️ Error while parsing file:///root/shell/check_service.sh: syntax error
[Warn  - 오후 1:23:15] 04:23:15.747 WARNING ⛔️ Error while parsing file:///root/shell/check_service.sh: syntax error
[Warn  - 오후 1:23:16] 04:23:16.228 WARNING ⛔️ Error while parsing file:///root/shell/check_service.sh: syntax error
[Warn  - 오후 1:23:16] 04:23:16.492 WARNING ⛔️ Error while parsing file:///root/shell/check_service.sh: syntax error
[Warn  - 오후 1:23:16] 04:23:16.757 WARNING ⛔️ Error while parsing file:///root/shell/check_service.sh: syntax error
[Warn  - 오후 1:23:17] 04:23:17.721 WARNING ⛔️ Error while parsing file:///root/shell/check_service.sh: syntax error
[Warn  - 오후 1:23:18] 04:23:18.372 WARNING ⛔️ Error while parsing file:///root/shell/check_service.sh: syntax error
[Warn  - 오후 1:23:18] 04:23:18.474 WARNING ⛔️ Error while parsing file:///root/shell/check_service.sh: syntax error
[Warn  - 오후 1:23:18] 04:23:18.875 WARNING ⛔️ Error while parsing file:///root/shell/check_service.sh: syntax error
[Warn  - 오후 1:23:19] 04:23:19.573 WARNING ⛔️ Error while parsing file:///root/shell/check_service.sh: syntax error
[Warn  - 오후 1:23:19] 04:23:19.674 WARNING ⛔️ Error while parsing file:///root/shell/check_service.sh: syntax error
[Warn  - 오후 1:23:20] 04:23:20.107 WARNING ⛔️ Error while parsing file:///root/shell/check_service.sh: syntax error
[Warn  - 오후 1:23:21] 04:23:21.237 WARNING ⛔️ Error while parsing file:///root/shell/check_service.sh: syntax error
[Warn  - 오후 1:23:28] 04:23:28.317 WARNING ⛔️ Error while parsing file:///root/shell/check_service.sh: syntax error
[Warn  - 오후 1:23:33] 04:23:33.805 WARNING ⛔️ Error while parsing file:///root/shell/check_service.sh: syntax error
[Warn  - 오후 1:23:34] 04:23:34.651 WARNING ⛔️ Error while parsing file:///root/shell/check_service.sh: syntax error
[Warn  - 오후 1:23:35] 04:23:35.318 WARNING ⛔️ Error while parsing file:///root/shell/check_service.sh: syntax error
[Warn  - 오후 1:23:35] 04:23:35.750 WARNING ⛔️ Error while parsing file:///root/shell/check_service.sh: syntax error
[Warn  - 오후 1:23:38] 04:23:38.973 WARNING ⛔️ Error while parsing file:///root/shell/check_service.sh: syntax error
[Warn  - 오후 1:23:39] 04:23:39.597 WARNING ⛔️ Error while parsing file:///root/shell/check_service.sh: syntax error
[Warn  - 오후 1:23:40] 04:23:40.014 WARNING ⛔️ Error while parsing file:///root/shell/check_service.sh: syntax error
[Warn  - 오후 1:23:42] 04:23:42.899 WARNING ⛔️ Error while parsing file:///root/shell/check_service.sh: syntax error
[Warn  - 오후 1:23:43] 04:23:43.556 WARNING ⛔️ Error while parsing file:///root/shell/check_service.sh: syntax error
[Warn  - 오후 1:23:45] 04:23:45.165 WARNING ⛔️ Error while parsing file:///root/shell/check_service.sh: syntax error
[Warn  - 오후 1:23:45] 04:23:45.587 WARNING ⛔️ Error while parsing file:///root/shell/check_service.sh: syntax error
[Warn  - 오후 1:23:45] 04:23:45.987 WARNING ⛔️ Error while parsing file:///root/shell/check_service.sh: syntax error
[Warn  - 오후 1:23:46] 04:23:46.716 WARNING ⛔️ Error while parsing file:///root/shell/check_service.sh: syntax error
[Warn  - 오후 1:23:49] 04:23:49.116 WARNING ⛔️ Error while parsing file:///root/shell/check_service.sh: syntax error
[Warn  - 오후 1:24:03] 04:24:03.612 WARNING ⛔️ Error while parsing file:///root/shell/check_service.sh: syntax error
[Warn  - 오후 1:24:05] 04:24:05.517 WARNING ⛔️ Error while parsing file:///root/shell/check_service.sh: syntax error
[Warn  - 오후 1:24:05] 04:24:05.980 WARNING ⛔️ Error while parsing file:///root/shell/check_service.sh: syntax error
[Warn  - 오후 1:24:06] 04:24:06.081 WARNING ⛔️ Error while parsing file:///root/shell/check_service.sh: syntax error
[Warn  - 오후 1:24:06] 04:24:06.460 WARNING ⛔️ Error while parsing file:///root/shell/check_service.sh: syntax error
[Warn  - 오후 1:24:06] 04:24:06.747 WARNING ⛔️ Error while parsing file:///root/shell/check_service.sh: syntax error
[Warn  - 오후 1:24:07] 04:24:07.123 WARNING ⛔️ Error while parsing file:///root/shell/check_service.sh: syntax error
[Warn  - 오후 1:24:07] 04:24:07.652 WARNING ⛔️ Error while parsing file:///root/shell/check_service.sh: syntax error
[Warn  - 오후 1:24:07] 04:24:07.772 WARNING ⛔️ Error while parsing file:///root/shell/check_service.sh: syntax error
[Warn  - 오후 1:24:07] 04:24:07.867 WARNING ⛔️ Error while parsing file:///root/shell/check_service.sh: syntax error
[Warn  - 오후 1:24:08] 04:24:08.043 WARNING ⛔️ Error while parsing file:///root/shell/check_service.sh: syntax error
[Warn  - 오후 1:24:08] 04:24:08.468 WARNING ⛔️ Error while parsing file:///root/shell/check_service.sh: syntax error
[Warn  - 오후 1:24:09] 04:24:09.604 WARNING ⛔️ Error while parsing file:///root/shell/check_service.sh: syntax error
[Warn  - 오후 1:24:10] 04:24:10.116 WARNING ⛔️ Error while parsing file:///root/shell/check_service.sh: syntax error
[Warn  - 오후 1:24:10] 04:24:10.404 WARNING ⛔️ Error while parsing file:///root/shell/check_service.sh: syntax error
[Warn  - 오후 1:24:10] 04:24:10.572 WARNING ⛔️ Error while parsing file:///root/shell/check_service.sh: syntax error
[Warn  - 오후 1:24:10] 04:24:10.955 WARNING ⛔️ Error while parsing file:///root/shell/check_service.sh: syntax error
[Warn  - 오후 1:24:11] 04:24:11.346 WARNING ⛔️ Error while parsing file:///root/shell/check_service.sh: syntax error
[Warn  - 오후 1:24:15] 04:24:15.341 WARNING ⛔️ Error while parsing file:///root/shell/check_service.sh: syntax error
[Warn  - 오후 1:24:16] 04:24:16.060 WARNING ⛔️ Error while parsing file:///root/shell/check_service.sh: syntax error
[Warn  - 오후 1:24:16] 04:24:16.275 WARNING ⛔️ Error while parsing file:///root/shell/check_service.sh: syntax error
[Warn  - 오후 1:24:17] 04:24:17.043 WARNING ⛔️ Error while parsing file:///root/shell/check_service.sh: syntax error
[Warn  - 오후 1:24:17] 04:24:17.332 WARNING ⛔️ Error while parsing file:///root/shell/check_service.sh: syntax error
[Warn  - 오후 1:24:20] 04:24:20.469 WARNING ⛔️ Error while parsing file:///root/shell/check_service.sh: syntax error
[Warn  - 오후 1:24:21] 04:24:21.192 WARNING ⛔️ Error while parsing file:///root/shell/check_service.sh: syntax error
[Warn  - 오후 1:24:24] 04:24:24.596 WARNING ⛔️ Error while parsing file:///root/shell/check_service.sh: syntax error
[Warn  - 오후 1:24:31] 04:24:31.075 WARNING ⛔️ Error while parsing file:///root/shell/check_service.sh: syntax error
[Warn  - 오후 1:24:31] 04:24:31.595 WARNING ⛔️ Error while parsing file:///root/shell/check_service.sh: syntax error
[Warn  - 오후 1:25:15] 04:25:15.466 WARNING ⛔️ Error while parsing file:///root/shell/check_service.sh: syntax error
[Warn  - 오후 1:25:17] 04:25:17.137 WARNING ⛔️ Error while parsing file:///root/shell/check_service.sh: syntax error
[Warn  - 오후 1:31:28] 04:31:28.060 WARNING ⛔️ Error while parsing file:///root/shell/check_service.sh: syntax error
[Warn  - 오후 1:31:29] 04:31:29.436 WARNING ⛔️ Error while parsing file:///root/shell/check_service.sh: syntax error
[Warn  - 오후 1:31:29] 04:31:29.986 WARNING ⛔️ Error while parsing file:///root/shell/check_service.sh: syntax error
[Warn  - 오후 1:31:30] 04:31:30.268 WARNING ⛔️ Error while parsing file:///root/shell/check_service.sh: syntax error
[Warn  - 오후 1:31:30] 04:31:30.546 WARNING ⛔️ Error while parsing file:///root/shell/check_service.sh: syntax error
[Warn  - 오후 1:31:31] 04:31:31.674 WARNING ⛔️ Error while parsing file:///root/shell/check_service.sh: syntax error
[Warn  - 오후 1:31:32] 04:31:32.100 WARNING ⛔️ Error while parsing file:///root/shell/check_service.sh: syntax error
[Warn  - 오후 1:31:52] 04:31:52.541 WARNING ⛔️ Error while parsing file:///root/shell/check_service.sh: syntax error
[Warn  - 오후 1:31:55] 04:31:55.015 WARNING ⛔️ Error while parsing file:///root/shell/check_service.sh: syntax error
[Warn  - 오후 1:31:56] 04:31:56.483 WARNING ⛔️ Error while parsing file:///root/shell/check_service.sh: syntax error
[Warn  - 오후 1:31:57] 04:31:57.475 WARNING ⛔️ Error while parsing file:///root/shell/check_service.sh: syntax error
[Warn  - 오후 1:31:59] 04:31:59.147 WARNING ⛔️ Error while parsing file:///root/shell/check_service.sh: syntax error
[Warn  - 오후 1:32:01] 04:32:01.075 WARNING ⛔️ Error while parsing file:///root/shell/check_service.sh: syntax error
[Warn  - 오후 1:32:02] 04:32:02.799 WARNING ⛔️ Error while parsing file:///root/shell/check_service.sh: syntax error
[Warn  - 오후 1:32:03] 04:32:03.210 WARNING ⛔️ Error while parsing file:///root/shell/check_service.sh: syntax error
[Warn  - 오후 1:32:03] 04:32:03.312 WARNING ⛔️ Error while parsing file:///root/shell/check_service.sh: syntax error
[Warn  - 오후 1:32:03] 04:32:03.738 WARNING ⛔️ Error while parsing file:///root/shell/check_service.sh: syntax error
[Warn  - 오후 1:32:03] 04:32:03.839 WARNING ⛔️ Error while parsing file:///root/shell/check_service.sh: syntax error
[Warn  - 오후 1:32:04] 04:32:04.860 WARNING ⛔️ Error while parsing file:///root/shell/check_service.sh: syntax error
[Warn  - 오후 1:32:06] 04:32:06.049 WARNING ⛔️ Error while parsing file:///root/shell/check_service.sh: syntax error
[Warn  - 오후 1:32:19] 04:32:19.228 WARNING ⛔️ Error while parsing file:///root/shell/check_service.sh: syntax error
[Warn  - 오후 1:32:20] 04:32:20.354 WARNING ⛔️ Error while parsing file:///root/shell/check_service.sh: syntax error
[Warn  - 오후 1:32:20] 04:32:20.742 WARNING ⛔️ Error while parsing file:///root/shell/check_service.sh: syntax error
[Warn  - 오후 1:32:21] 04:32:21.251 WARNING ⛔️ Error while parsing file:///root/shell/check_service.sh: syntax error
[Warn  - 오후 1:32:21] 04:32:21.774 WARNING ⛔️ Error while parsing file:///root/shell/check_service.sh: syntax error
[Warn  - 오후 1:32:22] 04:32:22.483 WARNING ⛔️ Error while parsing file:///root/shell/check_service.sh: syntax error
[Warn  - 오후 1:32:23] 04:32:23.223 WARNING ⛔️ Error while parsing file:///root/shell/check_service.sh: syntax error
[Warn  - 오후 1:32:23] 04:32:23.361 WARNING ⛔️ Error while parsing file:///root/shell/check_service.sh: syntax error
[Warn  - 오후 1:32:23] 04:32:23.437 WARNING ⛔️ Error while parsing file:///root/shell/check_service.sh: syntax error
[Warn  - 오후 1:32:23] 04:32:23.883 WARNING ⛔️ Error while parsing file:///root/shell/check_service.sh: syntax error
[Warn  - 오후 1:32:23] 04:32:23.990 WARNING ⛔️ Error while parsing file:///root/shell/check_service.sh: syntax error
[Warn  - 오후 1:32:24] 04:32:24.425 WARNING ⛔️ Error while parsing file:///root/shell/check_service.sh: syntax error
[Warn  - 오후 1:32:24] 04:32:24.843 WARNING ⛔️ Error while parsing file:///root/shell/check_service.sh: syntax error
[Warn  - 오후 1:32:25] 04:32:25.130 WARNING ⛔️ Error while parsing file:///root/shell/check_service.sh: syntax error
[Warn  - 오후 1:32:25] 04:32:25.666 WARNING ⛔️ Error while parsing file:///root/shell/check_service.sh: syntax error
[Warn  - 오후 1:32:25] 04:32:25.939 WARNING ⛔️ Error while parsing file:///root/shell/check_service.sh: syntax error
[Warn  - 오후 1:32:26] 04:32:26.403 WARNING ⛔️ Error while parsing file:///root/shell/check_service.sh: syntax error
[Warn  - 오후 1:32:26] 04:32:26.993 WARNING ⛔️ Error while parsing file:///root/shell/check_service.sh: syntax error
[Warn  - 오후 1:32:27] 04:32:27.466 WARNING ⛔️ Error while parsing file:///root/shell/check_service.sh: syntax error
[Warn  - 오후 1:32:28] 04:32:28.931 WARNING ⛔️ Error while parsing file:///root/shell/check_service.sh: syntax error
[Warn  - 오후 1:32:29] 04:32:29.338 WARNING ⛔️ Error while parsing file:///root/shell/check_service.sh: syntax error
[Warn  - 오후 1:32:29] 04:32:29.809 WARNING ⛔️ Error while parsing file:///root/shell/check_service.sh: syntax error
[Warn  - 오후 1:38:00] 04:38:00.382 WARNING ⛔️ Error while parsing file:///root/shell/check_service.sh: syntax error
[Warn  - 오후 1:38:00] 04:38:00.676 WARNING ⛔️ Error while parsing file:///root/shell/check_service.sh: syntax error
[Warn  - 오후 1:38:00] 04:38:00.971 WARNING ⛔️ Error while parsing file:///root/shell/check_service.sh: syntax error
[Warn  - 오후 2:16:57] 05:16:57.062 WARNING ⛔️ Error while parsing file:///root/shell/auto_ftp2.sh: syntax error
[Warn  - 오후 2:16:57] 05:16:57.361 WARNING ⛔️ Error while parsing file:///root/shell/auto_ftp2.sh: syntax error
[Warn  - 오후 2:16:57] 05:16:57.561 WARNING ⛔️ Error while parsing file:///root/shell/auto_ftp2.sh: syntax error
[Warn  - 오후 2:16:57] 05:16:57.734 WARNING ⛔️ Error while parsing file:///root/shell/auto_ftp2.sh: syntax error
[Warn  - 오후 2:16:58] 05:16:58.072 WARNING ⛔️ Error while parsing file:///root/shell/auto_ftp2.sh: syntax error
[Warn  - 오후 2:16:58] 05:16:58.255 WARNING ⛔️ Error while parsing file:///root/shell/auto_ftp2.sh: syntax error
[Warn  - 오후 2:16:58] 05:16:58.754 WARNING ⛔️ Error while parsing file:///root/shell/auto_ftp2.sh: syntax error
[Warn  - 오후 2:16:58] 05:16:58.802 WARNING ⛔️ Error while parsing file:///root/shell/auto_ftp2.sh: syntax error
[Warn  - 오후 2:16:58] 05:16:58.918 WARNING ⛔️ Error while parsing file:///root/shell/auto_ftp2.sh: syntax error
[Warn  - 오후 2:16:59] 05:16:59.014 WARNING ⛔️ Error while parsing file:///root/shell/auto_ftp2.sh: syntax error
[Warn  - 오후 2:17:00] 05:17:00.154 WARNING ⛔️ Error while parsing file:///root/shell/auto_ftp2.sh: syntax error
[Warn  - 오후 2:17:01] 05:17:01.475 WARNING ⛔️ Error while parsing file:///root/shell/auto_ftp2.sh: syntax error
[Warn  - 오후 2:17:02] 05:17:02.291 WARNING ⛔️ Error while parsing file:///root/shell/auto_ftp2.sh: syntax error
[Warn  - 오후 2:17:02] 05:17:02.441 WARNING ⛔️ Error while parsing file:///root/shell/auto_ftp2.sh: syntax error
[Warn  - 오후 2:17:02] 05:17:02.512 WARNING ⛔️ Error while parsing file:///root/shell/auto_ftp2.sh: syntax error
[Warn  - 오후 2:17:02] 05:17:02.576 WARNING ⛔️ Error while parsing file:///root/shell/auto_ftp2.sh: syntax error
[Warn  - 오후 2:17:03] 05:17:03.024 WARNING ⛔️ Error while parsing file:///root/shell/auto_ftp2.sh: syntax error
[Warn  - 오후 2:17:05] 05:17:05.432 WARNING ⛔️ Error while parsing file:///root/shell/auto_ftp2.sh: syntax error
[Warn  - 오후 2:17:05] 05:17:05.533 WARNING ⛔️ Error while parsing file:///root/shell/auto_ftp2.sh: syntax error
[Warn  - 오후 2:17:06] 05:17:06.808 WARNING ⛔️ Error while parsing file:///root/shell/auto_ftp2.sh: syntax error
[Warn  - 오후 2:17:07] 05:17:07.880 WARNING ⛔️ Error while parsing file:///root/shell/auto_ftp2.sh: syntax error
[Warn  - 오후 2:17:08] 05:17:08.273 WARNING ⛔️ Error while parsing file:///root/shell/auto_ftp2.sh: syntax error
[Warn  - 오후 2:17:08] 05:17:08.326 WARNING ⛔️ Error while parsing file:///root/shell/auto_ftp2.sh: syntax error
[Warn  - 오후 2:17:08] 05:17:08.677 WARNING ⛔️ Error while parsing file:///root/shell/auto_ftp2.sh: syntax error
[Warn  - 오후 2:17:12] 05:17:12.145 WARNING ⛔️ Error while parsing file:///root/shell/auto_ftp2.sh: syntax error
[Warn  - 오후 2:17:12] 05:17:12.199 WARNING ⛔️ Error while parsing file:///root/shell/auto_ftp2.sh: syntax error
[Warn  - 오후 2:17:12] 05:17:12.306 WARNING ⛔️ Error while parsing file:///root/shell/auto_ftp2.sh: syntax error
[Warn  - 오후 2:17:27] 05:17:27.190 WARNING ⛔️ Error while parsing file:///root/shell/auto_ftp2.sh: syntax error
[Warn  - 오후 2:18:29] 05:18:29.422 WARNING ⛔️ Error while parsing file:///root/shell/auto_ftp2.sh: syntax error
[Warn  - 오후 2:27:57] 05:27:57.243 WARNING ⛔️ Error while parsing file:///root/shell/auto_telnet2.sh: syntax error
[Warn  - 오후 2:27:58] 05:27:58.164 WARNING ⛔️ Error while parsing file:///root/shell/auto_telnet2.sh: syntax error
[Warn  - 오후 2:27:58] 05:27:58.413 WARNING ⛔️ Error while parsing file:///root/shell/auto_telnet2.sh: syntax error
[Warn  - 오후 2:27:58] 05:27:58.547 WARNING ⛔️ Error while parsing file:///root/shell/auto_telnet2.sh: syntax error
[Warn  - 오후 2:27:59] 05:27:59.162 WARNING ⛔️ Error while parsing file:///root/shell/auto_telnet2.sh: syntax error
[Warn  - 오후 2:28:00] 05:28:00.011 WARNING ⛔️ Error while parsing file:///root/shell/auto_telnet2.sh: syntax error
[Warn  - 오후 2:28:01] 05:28:01.302 WARNING ⛔️ Error while parsing file:///root/shell/auto_telnet2.sh: syntax error
[Warn  - 오후 2:28:02] 05:28:02.076 WARNING ⛔️ Error while parsing file:///root/shell/auto_telnet2.sh: syntax error
[Warn  - 오후 2:28:02] 05:28:02.612 WARNING ⛔️ Error while parsing file:///root/shell/auto_telnet2.sh: syntax error
[Warn  - 오후 2:28:03] 05:28:03.365 WARNING ⛔️ Error while parsing file:///root/shell/auto_telnet2.sh: syntax error
[Warn  - 오후 2:28:04] 05:28:04.164 WARNING ⛔️ Error while parsing file:///root/shell/auto_telnet2.sh: syntax error
[Warn  - 오후 2:28:04] 05:28:04.265 WARNING ⛔️ Error while parsing file:///root/shell/auto_telnet2.sh: syntax error
[Warn  - 오후 2:28:09] 05:28:09.243 WARNING ⛔️ Error while parsing file:///root/shell/auto_telnet2.sh: syntax error
[Warn  - 오후 2:28:10] 05:28:10.197 WARNING ⛔️ Error while parsing file:///root/shell/auto_telnet2.sh: syntax error
[Warn  - 오후 2:28:10] 05:28:10.610 WARNING ⛔️ Error while parsing file:///root/shell/auto_telnet2.sh: syntax error
[Warn  - 오후 2:28:12] 05:28:12.604 WARNING ⛔️ Error while parsing file:///root/shell/auto_telnet2.sh: syntax error
[Warn  - 오후 2:28:15] 05:28:15.970 WARNING ⛔️ Error while parsing file:///root/shell/auto_telnet2.sh: syntax error
[Warn  - 오후 2:28:16] 05:28:16.033 WARNING ⛔️ Error while parsing file:///root/shell/auto_telnet2.sh: syntax error
[Warn  - 오후 2:28:16] 05:28:16.143 WARNING ⛔️ Error while parsing file:///root/shell/auto_telnet2.sh: syntax error
[Warn  - 오후 2:28:16] 05:28:16.539 WARNING ⛔️ Error while parsing file:///root/shell/auto_telnet2.sh: syntax error
[Warn  - 오후 2:28:17] 05:28:17.338 WARNING ⛔️ Error while parsing file:///root/shell/auto_telnet2.sh: syntax error
[Warn  - 오후 2:28:19] 05:28:19.917 WARNING ⛔️ Error while parsing file:///root/shell/auto_telnet2.sh: syntax error
[Warn  - 오후 2:28:21] 05:28:21.045 WARNING ⛔️ Error while parsing file:///root/shell/auto_telnet2.sh: syntax error
[Warn  - 오후 2:28:24] 05:28:24.541 WARNING ⛔️ Error while parsing file:///root/shell/auto_telnet2.sh: syntax error
[Warn  - 오후 2:28:24] 05:28:24.852 WARNING ⛔️ Error while parsing file:///root/shell/auto_telnet2.sh: syntax error
[Warn  - 오후 2:28:25] 05:28:25.162 WARNING ⛔️ Error while parsing file:///root/shell/auto_telnet2.sh: syntax error
[Warn  - 오후 2:28:26] 05:28:26.084 WARNING ⛔️ Error while parsing file:///root/shell/auto_telnet2.sh: syntax error
[Warn  - 오후 2:28:26] 05:28:26.667 WARNING ⛔️ Error while parsing file:///root/shell/auto_telnet2.sh: syntax error
[Warn  - 오후 2:28:28] 05:28:28.790 WARNING ⛔️ Error while parsing file:///root/shell/auto_telnet2.sh: syntax error
[Warn  - 오후 2:28:28] 05:28:28.834 WARNING ⛔️ Error while parsing file:///root/shell/auto_telnet2.sh: syntax error
[Warn  - 오후 2:28:28] 05:28:28.964 WARNING ⛔️ Error while parsing file:///root/shell/auto_telnet2.sh: syntax error
[Warn  - 오후 2:28:55] 05:28:55.789 WARNING ⛔️ Error while parsing file:///root/shell/auto_telnet2.sh: syntax error
[Warn  - 오후 2:28:59] 05:28:59.458 WARNING ⛔️ Error while parsing file:///root/shell/auto_telnet2.sh: syntax error
[Warn  - 오후 2:28:59] 05:28:59.731 WARNING ⛔️ Error while parsing file:///root/shell/auto_telnet2.sh: syntax error
[Warn  - 오후 2:29:22] 05:29:22.035 WARNING ⛔️ Error while parsing file:///root/shell/auto_telnet2.sh: syntax error
[Warn  - 오후 2:29:28] 05:29:28.684 WARNING ⛔️ Error while parsing file:///root/shell/auto_telnet2.sh: syntax error
[Warn  - 오후 2:34:06] 05:34:06.243 WARNING ⛔️ Error while parsing file:///root/shell/auto_telnet_ftp.sh: syntax error
[Warn  - 오후 2:34:06] 05:34:06.653 WARNING ⛔️ Error while parsing file:///root/shell/auto_telnet_ftp.sh: syntax error
[Warn  - 오후 2:34:07] 05:34:07.374 WARNING ⛔️ Error while parsing file:///root/shell/auto_telnet_ftp.sh: syntax error
[Warn  - 오후 2:34:41] 05:34:41.238 WARNING ⛔️ Error while parsing file:///root/shell/auto_telnet_ftp.sh: syntax error
[Warn  - 오후 2:34:49] 05:34:49.842 WARNING ⛔️ Error while parsing file:///root/shell/auto_telnet_ftp.sh: syntax error
[Warn  - 오후 2:35:38] 05:35:38.287 WARNING ⛔️ Error while parsing file:///root/shell/auto_telnet_ftp.sh: syntax error
[Warn  - 오후 2:35:38] 05:35:38.964 WARNING ⛔️ Error while parsing file:///root/shell/auto_telnet_ftp.sh: syntax error
[Warn  - 오후 2:35:39] 05:35:39.722 WARNING ⛔️ Error while parsing file:///root/shell/auto_telnet_ftp.sh: syntax error
[Warn  - 오후 2:36:41] 05:36:41.675 WARNING ⛔️ Error while parsing file:///root/shell/auto_telnet_ftp.sh: syntax error
[Warn  - 오후 2:36:42] 05:36:42.268 WARNING ⛔️ Error while parsing file:///root/shell/auto_telnet_ftp.sh: syntax error
[Warn  - 오후 2:36:42] 05:36:42.930 WARNING ⛔️ Error while parsing file:///root/shell/auto_telnet_ftp.sh: syntax error
[Warn  - 오후 2:36:43] 05:36:43.978 WARNING ⛔️ Error while parsing file:///root/shell/auto_telnet_ftp.sh: syntax error
[Warn  - 오후 2:36:44] 05:36:44.675 WARNING ⛔️ Error while parsing file:///root/shell/auto_telnet_ftp.sh: syntax error
[Warn  - 오후 2:36:45] 05:36:45.291 WARNING ⛔️ Error while parsing file:///root/shell/auto_telnet_ftp.sh: syntax error
[Warn  - 오후 2:36:46] 05:36:46.858 WARNING ⛔️ Error while parsing file:///root/shell/auto_telnet_ftp.sh: syntax error
[Warn  - 오후 2:38:51] 05:38:51.176 WARNING ⛔️ Error while parsing file:///root/shell/auto_telnet_ftp.sh: syntax error
[Warn  - 오후 2:38:52] 05:38:52.943 WARNING ⛔️ Error while parsing file:///root/shell/auto_telnet_ftp.sh: syntax error
[Warn  - 오후 2:38:53] 05:38:53.928 WARNING ⛔️ Error while parsing file:///root/shell/auto_telnet_ftp.sh: syntax error
[Warn  - 오후 2:38:54] 05:38:54.029 WARNING ⛔️ Error while parsing file:///root/shell/auto_telnet_ftp.sh: syntax error
[Warn  - 오후 2:38:54] 05:38:54.342 WARNING ⛔️ Error while parsing file:///root/shell/auto_telnet_ftp.sh: syntax error
[Warn  - 오후 2:38:56] 05:38:56.192 WARNING ⛔️ Error while parsing file:///root/shell/auto_telnet_ftp.sh: syntax error
[Warn  - 오후 2:38:57] 05:38:57.152 WARNING ⛔️ Error while parsing file:///root/shell/auto_telnet_ftp.sh: syntax error
[Warn  - 오후 2:38:57] 05:38:57.616 WARNING ⛔️ Error while parsing file:///root/shell/auto_telnet_ftp.sh: syntax error
[Warn  - 오후 2:39:00] 05:39:00.719 WARNING ⛔️ Error while parsing file:///root/shell/auto_telnet_ftp.sh: syntax error
[Warn  - 오후 2:42:22] 05:42:22.347 WARNING ⛔️ Error while parsing file:///root/shell/cmd2.sh: syntax error
[Warn  - 오후 2:42:23] 05:42:23.358 WARNING ⛔️ Error while parsing file:///root/shell/cmd2.sh: syntax error
[Warn  - 오후 2:42:23] 05:42:23.739 WARNING ⛔️ Error while parsing file:///root/shell/cmd2.sh: syntax error
[Warn  - 오후 2:42:24] 05:42:24.571 WARNING ⛔️ Error while parsing file:///root/shell/cmd2.sh: syntax error
[Warn  - 오후 2:42:24] 05:42:24.672 WARNING ⛔️ Error while parsing file:///root/shell/cmd2.sh: syntax error
[Warn  - 오후 2:42:25] 05:42:25.478 WARNING ⛔️ Error while parsing file:///root/shell/cmd2.sh: syntax error
[Warn  - 오후 2:42:26] 05:42:26.636 WARNING ⛔️ Error while parsing file:///root/shell/cmd2.sh: syntax error
[Warn  - 오후 2:42:27] 05:42:27.051 WARNING ⛔️ Error while parsing file:///root/shell/cmd2.sh: syntax error
[Warn  - 오후 2:42:27] 05:42:27.547 WARNING ⛔️ Error while parsing file:///root/shell/cmd2.sh: syntax error
[Warn  - 오후 2:42:28] 05:42:28.418 WARNING ⛔️ Error while parsing file:///root/shell/cmd2.sh: syntax error
[Warn  - 오후 2:42:29] 05:42:29.534 WARNING ⛔️ Error while parsing file:///root/shell/cmd2.sh: syntax error
[Warn  - 오후 2:42:30] 05:42:30.503 WARNING ⛔️ Error while parsing file:///root/shell/cmd2.sh: syntax error
[Warn  - 오후 2:42:30] 05:42:30.923 WARNING ⛔️ Error while parsing file:///root/shell/cmd2.sh: syntax error
[Warn  - 오후 2:42:31] 05:42:31.025 WARNING ⛔️ Error while parsing file:///root/shell/cmd2.sh: syntax error
[Warn  - 오후 2:42:31] 05:42:31.429 WARNING ⛔️ Error while parsing file:///root/shell/cmd2.sh: syntax error
[Warn  - 오후 2:42:32] 05:42:32.762 WARNING ⛔️ Error while parsing file:///root/shell/cmd2.sh: syntax error
[Warn  - 오후 2:42:34] 05:42:34.245 WARNING ⛔️ Error while parsing file:///root/shell/cmd2.sh: syntax error
[Warn  - 오후 2:42:35] 05:42:35.116 WARNING ⛔️ Error while parsing file:///root/shell/cmd2.sh: syntax error
[Warn  - 오후 2:42:36] 05:42:36.357 WARNING ⛔️ Error while parsing file:///root/shell/cmd2.sh: syntax error
[Warn  - 오후 2:42:36] 05:42:36.907 WARNING ⛔️ Error while parsing file:///root/shell/cmd2.sh: syntax error
[Warn  - 오후 2:42:37] 05:42:37.413 WARNING ⛔️ Error while parsing file:///root/shell/cmd2.sh: syntax error
[Warn  - 오후 2:42:38] 05:42:38.180 WARNING ⛔️ Error while parsing file:///root/shell/cmd2.sh: syntax error
[Warn  - 오후 2:42:38] 05:42:38.811 WARNING ⛔️ Error while parsing file:///root/shell/cmd2.sh: syntax error
[Warn  - 오후 2:42:40] 05:42:40.397 WARNING ⛔️ Error while parsing file:///root/shell/cmd2.sh: syntax error
[Warn  - 오후 2:42:44] 05:42:44.404 WARNING ⛔️ Error while parsing file:///root/shell/cmd2.sh: syntax error
[Warn  - 오후 2:42:46] 05:42:46.196 WARNING ⛔️ Error while parsing file:///root/shell/cmd2.sh: syntax error
[Warn  - 오후 2:42:47] 05:42:47.490 WARNING ⛔️ Error while parsing file:///root/shell/cmd2.sh: syntax error
[Warn  - 오후 2:42:48] 05:42:48.660 WARNING ⛔️ Error while parsing file:///root/shell/cmd2.sh: syntax error
[Warn  - 오후 2:42:48] 05:42:48.769 WARNING ⛔️ Error while parsing file:///root/shell/cmd2.sh: syntax error
[Warn  - 오후 2:42:49] 05:42:49.242 WARNING ⛔️ Error while parsing file:///root/shell/cmd2.sh: syntax error
[Warn  - 오후 2:42:50] 05:42:50.723 WARNING ⛔️ Error while parsing file:///root/shell/cmd2.sh: syntax error
[Warn  - 오후 2:42:51] 05:42:51.340 WARNING ⛔️ Error while parsing file:///root/shell/cmd2.sh: syntax error
[Warn  - 오후 2:42:51] 05:42:51.441 WARNING ⛔️ Error while parsing file:///root/shell/cmd2.sh: syntax error
[Warn  - 오후 2:43:34] 05:43:34.236 WARNING ⛔️ Error while parsing file:///root/shell/cmd2.sh: syntax error
[Warn  - 오후 2:43:34] 05:43:34.604 WARNING ⛔️ Error while parsing file:///root/shell/cmd2.sh: syntax error
[Warn  - 오후 2:43:34] 05:43:34.851 WARNING ⛔️ Error while parsing file:///root/shell/cmd2.sh: syntax error
[Warn  - 오후 2:43:34] 05:43:34.993 WARNING ⛔️ Error while parsing file:///root/shell/cmd2.sh: syntax error
[Warn  - 오후 2:43:35] 05:43:35.377 WARNING ⛔️ Error while parsing file:///root/shell/cmd2.sh: syntax error
[Warn  - 오후 2:43:35] 05:43:35.576 WARNING ⛔️ Error while parsing file:///root/shell/cmd2.sh: syntax error
[Warn  - 오후 2:43:36] 05:43:36.938 WARNING ⛔️ Error while parsing file:///root/shell/cmd2.sh: syntax error
[Warn  - 오후 2:43:37] 05:43:37.019 WARNING ⛔️ Error while parsing file:///root/shell/cmd2.sh: syntax error
[Warn  - 오후 2:43:37] 05:43:37.136 WARNING ⛔️ Error while parsing file:///root/shell/cmd2.sh: syntax error
[Warn  - 오후 2:43:37] 05:43:37.234 WARNING ⛔️ Error while parsing file:///root/shell/cmd2.sh: syntax error
[Warn  - 오후 2:43:37] 05:43:37.610 WARNING ⛔️ Error while parsing file:///root/shell/cmd2.sh: syntax error
[Warn  - 오후 2:43:38] 05:43:38.937 WARNING ⛔️ Error while parsing file:///root/shell/cmd2.sh: syntax error
[Warn  - 오후 2:43:39] 05:43:39.489 WARNING ⛔️ Error while parsing file:///root/shell/cmd2.sh: syntax error
[Warn  - 오후 2:43:41] 05:43:41.202 WARNING ⛔️ Error while parsing file:///root/shell/cmd2.sh: syntax error
[Warn  - 오후 2:43:42] 05:43:42.235 WARNING ⛔️ Error while parsing file:///root/shell/cmd2.sh: syntax error
[Warn  - 오후 2:43:42] 05:43:42.468 WARNING ⛔️ Error while parsing file:///root/shell/cmd2.sh: syntax error
[Warn  - 오후 2:43:42] 05:43:42.505 WARNING ⛔️ Error while parsing file:///root/shell/cmd2.sh: syntax error
[Warn  - 오후 2:43:42] 05:43:42.756 WARNING ⛔️ Error while parsing file:///root/shell/cmd2.sh: syntax error
[Warn  - 오후 2:43:43] 05:43:43.619 WARNING ⛔️ Error while parsing file:///root/shell/cmd2.sh: syntax error
[Warn  - 오후 2:43:44] 05:43:44.090 WARNING ⛔️ Error while parsing file:///root/shell/cmd2.sh: syntax error
[Warn  - 오후 2:43:44] 05:43:44.125 WARNING ⛔️ Error while parsing file:///root/shell/cmd2.sh: syntax error
[Warn  - 오후 2:43:44] 05:43:44.289 WARNING ⛔️ Error while parsing file:///root/shell/cmd2.sh: syntax error
[Warn  - 오후 2:43:44] 05:43:44.627 WARNING ⛔️ Error while parsing file:///root/shell/cmd2.sh: syntax error
[Warn  - 오후 2:43:45] 05:43:45.683 WARNING ⛔️ Error while parsing file:///root/shell/cmd2.sh: syntax error
[Warn  - 오후 2:43:45] 05:43:45.790 WARNING ⛔️ Error while parsing file:///root/shell/cmd2.sh: syntax error
[Warn  - 오후 2:43:46] 05:43:46.171 WARNING ⛔️ Error while parsing file:///root/shell/cmd2.sh: syntax error
[Warn  - 오후 2:43:47] 05:43:47.178 WARNING ⛔️ Error while parsing file:///root/shell/cmd2.sh: syntax error
[Warn  - 오후 2:43:47] 05:43:47.635 WARNING ⛔️ Error while parsing file:///root/shell/cmd2.sh: syntax error
[Warn  - 오후 2:43:48] 05:43:48.994 WARNING ⛔️ Error while parsing file:///root/shell/cmd2.sh: syntax error
[Warn  - 오후 2:43:49] 05:43:49.467 WARNING ⛔️ Error while parsing file:///root/shell/cmd2.sh: syntax error
[Warn  - 오후 2:43:49] 05:43:49.909 WARNING ⛔️ Error while parsing file:///root/shell/cmd2.sh: syntax error
[Warn  - 오후 2:43:50] 05:43:50.009 WARNING ⛔️ Error while parsing file:///root/shell/cmd2.sh: syntax error
[Warn  - 오후 2:43:50] 05:43:50.449 WARNING ⛔️ Error while parsing file:///root/shell/cmd2.sh: syntax error
[Warn  - 오후 2:43:52] 05:43:52.164 WARNING ⛔️ Error while parsing file:///root/shell/cmd2.sh: syntax error
[Warn  - 오후 2:43:53] 05:43:53.346 WARNING ⛔️ Error while parsing file:///root/shell/cmd2.sh: syntax error
[Warn  - 오후 2:43:54] 05:43:54.218 WARNING ⛔️ Error while parsing file:///root/shell/cmd2.sh: syntax error
[Warn  - 오후 2:43:55] 05:43:55.233 WARNING ⛔️ Error while parsing file:///root/shell/cmd2.sh: syntax error
[Warn  - 오후 2:43:55] 05:43:55.938 WARNING ⛔️ Error while parsing file:///root/shell/cmd2.sh: syntax error
[Warn  - 오후 2:43:56] 05:43:56.593 WARNING ⛔️ Error while parsing file:///root/shell/cmd2.sh: syntax error
[Warn  - 오후 2:43:57] 05:43:57.100 WARNING ⛔️ Error while parsing file:///root/shell/cmd2.sh: syntax error
[Warn  - 오후 2:43:57] 05:43:57.667 WARNING ⛔️ Error while parsing file:///root/shell/cmd2.sh: syntax error
[Warn  - 오후 2:43:57] 05:43:57.793 WARNING ⛔️ Error while parsing file:///root/shell/cmd2.sh: syntax error
[Warn  - 오후 2:43:57] 05:43:57.920 WARNING ⛔️ Error while parsing file:///root/shell/cmd2.sh: syntax error
[Warn  - 오후 2:43:58] 05:43:58.443 WARNING ⛔️ Error while parsing file:///root/shell/cmd2.sh: syntax error
[Warn  - 오후 2:43:58] 05:43:58.695 WARNING ⛔️ Error while parsing file:///root/shell/cmd2.sh: syntax error
[Warn  - 오후 2:43:59] 05:43:59.233 WARNING ⛔️ Error while parsing file:///root/shell/cmd2.sh: syntax error
[Warn  - 오후 2:43:59] 05:43:59.997 WARNING ⛔️ Error while parsing file:///root/shell/cmd2.sh: syntax error
[Warn  - 오후 2:44:00] 05:44:00.088 WARNING ⛔️ Error while parsing file:///root/shell/cmd2.sh: syntax error
[Warn  - 오후 2:44:00] 05:44:00.193 WARNING ⛔️ Error while parsing file:///root/shell/cmd2.sh: syntax error
[Warn  - 오후 2:44:21] 05:44:21.125 WARNING ⛔️ Error while parsing file:///root/shell/cmd2.sh: syntax error
[Warn  - 오후 2:44:24] 05:44:24.713 WARNING ⛔️ Error while parsing file:///root/shell/cmd2.sh: syntax error
[Warn  - 오후 2:44:34] 05:44:34.745 WARNING ⛔️ Error while parsing file:///root/shell/cmd2.sh: syntax error
[Warn  - 오후 2:44:35] 05:44:35.115 WARNING ⛔️ Error while parsing file:///root/shell/cmd2.sh: syntax error
[Warn  - 오후 2:44:35] 05:44:35.377 WARNING ⛔️ Error while parsing file:///root/shell/cmd2.sh: syntax error
[Warn  - 오후 2:44:36] 05:44:36.551 WARNING ⛔️ Error while parsing file:///root/shell/cmd2.sh: syntax error
[Warn  - 오후 2:44:50] 05:44:50.961 WARNING ⛔️ Error while parsing file:///root/shell/cmd2.sh: syntax error
[Warn  - 오후 2:44:51] 05:44:51.752 WARNING ⛔️ Error while parsing file:///root/shell/cmd2.sh: syntax error
[Warn  - 오후 2:44:51] 05:44:51.859 WARNING ⛔️ Error while parsing file:///root/shell/cmd2.sh: syntax error
[Warn  - 오후 2:44:52] 05:44:52.346 WARNING ⛔️ Error while parsing file:///root/shell/cmd2.sh: syntax error
[Warn  - 오후 2:44:52] 05:44:52.426 WARNING ⛔️ Error while parsing file:///root/shell/cmd2.sh: syntax error
[Warn  - 오후 2:44:54] 05:44:54.249 WARNING ⛔️ Error while parsing file:///root/shell/cmd2.sh: syntax error
[Warn  - 오후 2:44:54] 05:44:54.633 WARNING ⛔️ Error while parsing file:///root/shell/cmd2.sh: syntax error
[Warn  - 오후 2:44:54] 05:44:54.898 WARNING ⛔️ Error while parsing file:///root/shell/cmd2.sh: syntax error
[Warn  - 오후 2:44:54] 05:44:54.973 WARNING ⛔️ Error while parsing file:///root/shell/cmd2.sh: syntax error
[Warn  - 오후 2:44:56] 05:44:56.146 WARNING ⛔️ Error while parsing file:///root/shell/cmd2.sh: syntax error
[Warn  - 오후 2:44:57] 05:44:57.712 WARNING ⛔️ Error while parsing file:///root/shell/cmd2.sh: syntax error
[Warn  - 오후 2:44:58] 05:44:58.176 WARNING ⛔️ Error while parsing file:///root/shell/cmd2.sh: syntax error
[Warn  - 오후 2:44:58] 05:44:58.747 WARNING ⛔️ Error while parsing file:///root/shell/cmd2.sh: syntax error
[Warn  - 오후 2:44:59] 05:44:59.008 WARNING ⛔️ Error while parsing file:///root/shell/cmd2.sh: syntax error
[Warn  - 오후 2:45:00] 05:45:00.291 WARNING ⛔️ Error while parsing file:///root/shell/cmd2.sh: syntax error
[Warn  - 오후 2:45:00] 05:45:00.396 WARNING ⛔️ Error while parsing file:///root/shell/cmd2.sh: syntax error
[Warn  - 오후 2:45:00] 05:45:00.849 WARNING ⛔️ Error while parsing file:///root/shell/cmd2.sh: syntax error
[Warn  - 오후 2:45:00] 05:45:00.923 WARNING ⛔️ Error while parsing file:///root/shell/cmd2.sh: syntax error
[Warn  - 오후 2:45:00] 05:45:00.992 WARNING ⛔️ Error while parsing file:///root/shell/cmd2.sh: syntax error
[Warn  - 오후 2:45:01] 05:45:01.465 WARNING ⛔️ Error while parsing file:///root/shell/cmd2.sh: syntax error
[Warn  - 오후 2:45:01] 05:45:01.882 WARNING ⛔️ Error while parsing file:///root/shell/cmd2.sh: syntax error
[Warn  - 오후 2:45:03] 05:45:03.065 WARNING ⛔️ Error while parsing file:///root/shell/cmd2.sh: syntax error
[Warn  - 오후 2:45:03] 05:45:03.287 WARNING ⛔️ Error while parsing file:///root/shell/cmd2.sh: syntax error
[Warn  - 오후 2:45:03] 05:45:03.680 WARNING ⛔️ Error while parsing file:///root/shell/cmd2.sh: syntax error
[Warn  - 오후 2:45:03] 05:45:03.976 WARNING ⛔️ Error while parsing file:///root/shell/cmd2.sh: syntax error
[Warn  - 오후 2:45:04] 05:45:04.258 WARNING ⛔️ Error while parsing file:///root/shell/cmd2.sh: syntax error
[Warn  - 오후 2:45:05] 05:45:05.088 WARNING ⛔️ Error while parsing file:///root/shell/cmd2.sh: syntax error
[Warn  - 오후 2:45:05] 05:45:05.624 WARNING ⛔️ Error while parsing file:///root/shell/cmd2.sh: syntax error
[Warn  - 오후 2:45:06] 05:45:06.231 WARNING ⛔️ Error while parsing file:///root/shell/cmd2.sh: syntax error
[Warn  - 오후 2:45:06] 05:45:06.600 WARNING ⛔️ Error while parsing file:///root/shell/cmd2.sh: syntax error
[Warn  - 오후 2:45:07] 05:45:07.015 WARNING ⛔️ Error while parsing file:///root/shell/cmd2.sh: syntax error
[Warn  - 오후 2:45:07] 05:45:07.512 WARNING ⛔️ Error while parsing file:///root/shell/cmd2.sh: syntax error
[Warn  - 오후 2:45:09] 05:45:09.054 WARNING ⛔️ Error while parsing file:///root/shell/cmd2.sh: syntax error
[Warn  - 오후 2:45:09] 05:45:09.156 WARNING ⛔️ Error while parsing file:///root/shell/cmd2.sh: syntax error
[Warn  - 오후 2:45:09] 05:45:09.576 WARNING ⛔️ Error while parsing file:///root/shell/cmd2.sh: syntax error
[Warn  - 오후 2:45:09] 05:45:09.857 WARNING ⛔️ Error while parsing file:///root/shell/cmd2.sh: syntax error
[Warn  - 오후 2:45:10] 05:45:10.808 WARNING ⛔️ Error while parsing file:///root/shell/cmd2.sh: syntax error
[Warn  - 오후 2:45:11] 05:45:11.817 WARNING ⛔️ Error while parsing file:///root/shell/cmd2.sh: syntax error
[Warn  - 오후 2:45:12] 05:45:12.522 WARNING ⛔️ Error while parsing file:///root/shell/cmd2.sh: syntax error
[Warn  - 오후 2:45:12] 05:45:12.622 WARNING ⛔️ Error while parsing file:///root/shell/cmd2.sh: syntax error
[Warn  - 오후 2:45:13] 05:45:13.258 WARNING ⛔️ Error while parsing file:///root/shell/cmd2.sh: syntax error
[Warn  - 오후 2:45:13] 05:45:13.358 WARNING ⛔️ Error while parsing file:///root/shell/cmd2.sh: syntax error
[Warn  - 오후 2:45:13] 05:45:13.824 WARNING ⛔️ Error while parsing file:///root/shell/cmd2.sh: syntax error
[Warn  - 오후 2:45:16] 05:45:16.721 WARNING ⛔️ Error while parsing file:///root/shell/cmd2.sh: syntax error
[Warn  - 오후 2:45:17] 05:45:17.641 WARNING ⛔️ Error while parsing file:///root/shell/cmd2.sh: syntax error
[Warn  - 오후 2:45:17] 05:45:17.756 WARNING ⛔️ Error while parsing file:///root/shell/cmd2.sh: syntax error
[Warn  - 오후 2:45:17] 05:45:17.920 WARNING ⛔️ Error while parsing file:///root/shell/cmd2.sh: syntax error
[Warn  - 오후 2:45:18] 05:45:18.041 WARNING ⛔️ Error while parsing file:///root/shell/cmd2.sh: syntax error
[Warn  - 오후 2:45:18] 05:45:18.401 WARNING ⛔️ Error while parsing file:///root/shell/cmd2.sh: syntax error
[Warn  - 오후 2:45:19] 05:45:19.377 WARNING ⛔️ Error while parsing file:///root/shell/cmd2.sh: syntax error
[Warn  - 오후 2:45:19] 05:45:19.665 WARNING ⛔️ Error while parsing file:///root/shell/cmd2.sh: syntax error
[Warn  - 오후 2:45:20] 05:45:20.473 WARNING ⛔️ Error while parsing file:///root/shell/cmd2.sh: syntax error
[Warn  - 오후 2:45:21] 05:45:21.308 WARNING ⛔️ Error while parsing file:///root/shell/cmd2.sh: syntax error
[Warn  - 오후 2:45:28] 05:45:28.486 WARNING ⛔️ Error while parsing file:///root/shell/cmd2.sh: syntax error
[Warn  - 오후 2:45:28] 05:45:28.871 WARNING ⛔️ Error while parsing file:///root/shell/cmd2.sh: syntax error
[Warn  - 오후 2:45:30] 05:45:30.672 WARNING ⛔️ Error while parsing file:///root/shell/cmd2.sh: syntax error
[Warn  - 오후 2:48:40] 05:48:40.812 WARNING ⛔️ Error while parsing file:///root/shell/copy2.sh: syntax error
[Warn  - 오후 2:48:40] 05:48:40.990 WARNING ⛔️ Error while parsing file:///root/shell/copy2.sh: syntax error
[Warn  - 오후 2:48:41] 05:48:41.462 WARNING ⛔️ Error while parsing file:///root/shell/copy2.sh: syntax error
[Warn  - 오후 2:49:09] 05:49:09.838 WARNING ⛔️ Error while parsing file:///root/shell/copy2.sh: syntax error
[Warn  - 오후 2:49:10] 05:49:10.139 WARNING ⛔️ Error while parsing file:///root/shell/copy2.sh: syntax error
[Warn  - 오후 2:49:10] 05:49:10.811 WARNING ⛔️ Error while parsing file:///root/shell/copy2.sh: syntax error
[Warn  - 오후 2:49:41] 05:49:41.284 WARNING ⛔️ Error while parsing file:///root/shell/copy2.sh: syntax error
[Warn  - 오후 3:19:43] 06:19:43.625 WARNING ⛔️ Error while parsing file:///root/shell/auto_ftp_windows.sh: syntax error
[Warn  - 오후 3:19:44] 06:19:44.011 WARNING ⛔️ Error while parsing file:///root/shell/auto_ftp_windows.sh: syntax error
[Warn  - 오후 3:19:44] 06:19:44.114 WARNING ⛔️ Error while parsing file:///root/shell/auto_ftp_windows.sh: syntax error
[Warn  - 오후 3:19:44] 06:19:44.331 WARNING ⛔️ Error while parsing file:///root/shell/auto_ftp_windows.sh: syntax error
[Warn  - 오후 3:19:45] 06:19:45.011 WARNING ⛔️ Error while parsing file:///root/shell/auto_ftp_windows.sh: syntax error
[Warn  - 오후 3:19:45] 06:19:45.746 WARNING ⛔️ Error while parsing file:///root/shell/auto_ftp_windows.sh: syntax error
[Warn  - 오후 3:19:46] 06:19:46.008 WARNING ⛔️ Error while parsing file:///root/shell/auto_ftp_windows.sh: syntax error
[Warn  - 오후 3:19:47] 06:19:47.588 WARNING ⛔️ Error while parsing file:///root/shell/auto_ftp_windows.sh: syntax error
[Warn  - 오후 3:19:47] 06:19:47.850 WARNING ⛔️ Error while parsing file:///root/shell/auto_ftp_windows.sh: syntax error
[Warn  - 오후 3:19:49] 06:19:49.146 WARNING ⛔️ Error while parsing file:///root/shell/auto_ftp_windows.sh: syntax error
