2024-09-30 13:12:20.731 [info] Extension host with pid 4194 started
2024-09-30 13:12:20.845 [info] ExtensionService#_doActivateExtension vscode.git-base, startup: true, activationEvent: '*', root cause: vscode.git
2024-09-30 13:12:20.940 [info] ExtensionService#_doActivateExtension vscode.git, startup: true, activationEvent: '*'
2024-09-30 13:12:20.941 [info] ExtensionService#_doActivateExtension vscode.github, startup: true, activationEvent: '*'
2024-09-30 13:12:21.062 [info] Eager extensions activated
2024-09-30 13:12:21.076 [info] ExtensionService#_doActivateExtension vscode.debug-auto-launch, startup: false, activationEvent: 'onStartupFinished'
2024-09-30 13:12:21.077 [info] ExtensionService#_doActivateExtension vscode.merge-conflict, startup: false, activationEvent: 'onStartupFinished'
2024-09-30 13:12:35.275 [info] Extension host terminating: renderer closed the MessagePort
2024-09-30 13:12:35.285 [info] Extension host with pid 4194 exiting with code 0
2024-09-30 13:12:35.918 [info] Extension host with pid 4319 started
2024-09-30 13:12:35.918 [info] Skipping acquiring lock for /root/shell/~/vscode/User/workspaceStorage/89ba18fbbe3d66e4f7628ceda66aa8a0.
2024-09-30 13:12:35.970 [info] ExtensionService#_doActivateExtension vscode.git-base, startup: true, activationEvent: '*'
2024-09-30 13:12:36.018 [info] ExtensionService#_doActivateExtension vscode.github, startup: true, activationEvent: '*'
2024-09-30 13:12:36.124 [info] Eager extensions activated
2024-09-30 13:12:36.144 [info] ExtensionService#_doActivateExtension vscode.debug-auto-launch, startup: false, activationEvent: 'onStartupFinished'
2024-09-30 13:12:36.144 [info] ExtensionService#_doActivateExtension vscode.merge-conflict, startup: false, activationEvent: 'onStartupFinished'
2024-09-30 13:12:37.701 [info] ExtensionService#_doActivateExtension vscode.git, startup: false, activationEvent: 'api', root cause: vscode.github
2024-09-30 13:13:00.375 [info] ExtensionService#_doActivateExtension mads-hartmann.bash-ide-vscode, startup: false, activationEvent: 'onLanguage:shellscript'
2024-09-30 13:13:00.474 [info] ExtensionService#_doActivateExtension vscode.emmet, startup: false, activationEvent: 'onLanguage'
2024-09-30 13:15:55.472 [info] ExtensionService#_doActivateExtension vscode.configuration-editing, startup: false, activationEvent: 'onLanguage:jsonc'
2024-09-30 13:15:55.472 [info] ExtensionService#_doActivateExtension vscode.json-language-features, startup: false, activationEvent: 'onLanguage:jsonc'
2024-09-30 13:15:55.472 [info] ExtensionService#_doActivateExtension vscode.typescript-language-features, startup: false, activationEvent: 'onLanguage:jsonc'
